Start testing: Sep 13 00:06 EDT
----------------------------------------------------------
1/8 Testing: bagsolar_physics_tests
1/8 Test: bagsolar_physics_tests
Command: "/home/kali/Desktop/Cpp_Advance/build/bagsolar_physics_tests"
Directory: /home/kali/Desktop/Cpp_Advance/build
"bagsolar_physics_tests" start time: Sep 13 00:06 EDT
Output:
----------------------------------------------------------
<end of output>
Test time =   0.02 sec
----------------------------------------------------------
Test Passed.
"bagsolar_physics_tests" end time: Sep 13 00:06 EDT
"bagsolar_physics_tests" time elapsed: 00:00:00
----------------------------------------------------------

2/8 Testing: bagsolar_data_tests
2/8 Test: bagsolar_data_tests
Command: "/home/kali/Desktop/Cpp_Advance/build/bagsolar_data_tests"
Directory: /home/kali/Desktop/Cpp_Advance
"bagsolar_data_tests" start time: Sep 13 00:06 EDT
Output:
----------------------------------------------------------
<end of output>
Test time =   0.03 sec
----------------------------------------------------------
Test Passed.
"bagsolar_data_tests" end time: Sep 13 00:06 EDT
"bagsolar_data_tests" time elapsed: 00:00:00
----------------------------------------------------------

3/8 Testing: bagsolar_validation_tests
3/8 Test: bagsolar_validation_tests
Command: "/home/kali/Desktop/Cpp_Advance/build/bagsolar_validation_tests"
Directory: /home/kali/Desktop/Cpp_Advance/build
"bagsolar_validation_tests" start time: Sep 13 00:06 EDT
Output:
----------------------------------------------------------
case,initial_state,integrator,status,passed,timestep_s,duration_s,steps,tolerance,absolute_error,relative_error,maximum_error,rms_error,energy_drift,angular_momentum_drift,position_error_m,velocity_error_mps,period_error,analytical_period_s,measured_period_s,message
analytical-circular-elements,circular-two-body,rk4,PASS,true,0,0,0,0.050000000000000003,0,0,0,0,0,0,0,0,0,0,0,circular state is a zero-eccentricity bound orbit
analytical-hyperbolic-classification,circular-two-body,rk4,PASS,true,0,0,0,9.9999999999999998e-13,0,0,0,0,0,0,0,0,0,0,0,positive-energy state remains hyperbolic
circular-two-body-bounded-orbit,circular-two-body,euler,PASS,true,21600,37869205.779137105,1754,0.20000000000000001,2.039974097371962e-16,0.055421411039889616,0.055421411039889401,0,0.057595342197081713,0.030087785340151753,51568058669.560837,9826.6385637457406,0.041749864786811024,31557671.482614253,32875200,bounded orbit remained finite; periapsis_error=2.03997e-16; apoapsis_error=0.0554214; semi_major_axis_error=0.0611153; eccentricity_error=0.00569815; speed_drift=0.0272671
circular-two-body-bounded-orbit,circular-two-body,semi_implicit_euler,PASS,true,21600,37869205.779137105,1754,0.20000000000000001,0.0021410543143917452,0.0020380811929690849,0.0021595492806466632,0,1.8495192634067394e-05,3.634384400101164e-15,529358094.54986763,73.69458236359354,0.00068219600415093268,31557671.482614253,31579200,bounded orbit remained finite; periapsis_error=0.00214105; apoapsis_error=0.00215955; semi_major_axis_error=6.43585e-06; eccentricity_error=0.00253689; speed_drift=0.0021526
circular-two-body-bounded-orbit,circular-two-body,velocity_verlet,PASS,true,21600,37869205.779137105,1754,0.20000000000000001,2.039974097371962e-16,3.1949065386730548e-06,9.2475105858162346e-06,0,8.5512767994596306e-11,3.0892267400859899e-15,5658667.163917766,1.2570914722865847,0.00068219600415093268,31557671.482614253,31579200,bounded orbit remained finite; periapsis_error=2.03997e-16; apoapsis_error=9.24751e-06; semi_major_axis_error=2.95148e-11; eccentricity_error=5.4324e-06; speed_drift=9.24743e-06
circular-two-body-bounded-orbit,circular-two-body,rk4,PASS,true,21600,37869205.779137105,1754,0.20000000000000001,1.0817778640953778e-11,3.9659136427008324e-12,2.039974097371962e-16,0,3.0399220532718628e-13,1.5173554870422361e-13,7.5900557319596729,1.6623132190822843e-06,0.00068219600415093268,31557671.482614253,31579200,bounded orbit remained finite; periapsis_error=1.08178e-11; apoapsis_error=2.03997e-16; semi_major_axis_error=3.04364e-13; eccentricity_error=6.28095e-12; speed_drift=1.0755e-11
elliptical-two-body-bounded-orbit,elliptical-two-body,velocity_verlet,PASS,true,10800,62730427.959357798,5809,0.20000000000000001,7.2856217763284366e-17,0.55763252399297125,3.4445871180303578e-06,0,1.3251222073637867e-06,4.2627182819571287e-15,3432535.5400983994,0.45163701768050474,0.00014238768860287148,52275356.632798165,52282800,bounded orbit remained finite; periapsis_error=7.28562e-17; apoapsis_error=3.44459e-06; semi_major_axis_error=1.30385e-06; eccentricity_error=1.63446e-06; speed_drift=0.51852
velocity-verlet-timestep-convergence,circular-two-body,velocity_verlet,PASS,true,10800,31557671.482614253,2923,0.050000000000000003,3.8735875913982107e-05,9.6840202264940814e-06,0,0,0,0,0,0,0,0,0,halving timestep reduced endpoint radius error
<end of output>
Test time =   3.66 sec
----------------------------------------------------------
Test Passed.
"bagsolar_validation_tests" end time: Sep 13 00:06 EDT
"bagsolar_validation_tests" time elapsed: 00:00:03
----------------------------------------------------------

4/8 Testing: bagsolar_telemetry_tests
4/8 Test: bagsolar_telemetry_tests
Command: "/home/kali/Desktop/Cpp_Advance/build/bagsolar_telemetry_tests"
Directory: /home/kali/Desktop/Cpp_Advance
"bagsolar_telemetry_tests" start time: Sep 13 00:06 EDT
Output:
----------------------------------------------------------
<end of output>
Test time =   0.08 sec
----------------------------------------------------------
Test Passed.
"bagsolar_telemetry_tests" end time: Sep 13 00:06 EDT
"bagsolar_telemetry_tests" time elapsed: 00:00:00
----------------------------------------------------------

5/8 Testing: bagsolar_ephemeris_tests
5/8 Test: bagsolar_ephemeris_tests
Command: "/home/kali/Desktop/Cpp_Advance/build/bagsolar_ephemeris_tests"
Directory: /home/kali/Desktop/Cpp_Advance
"bagsolar_ephemeris_tests" start time: Sep 13 00:06 EDT
Output:
----------------------------------------------------------
<end of output>
Test time =   0.05 sec
----------------------------------------------------------
Test Passed.
"bagsolar_ephemeris_tests" end time: Sep 13 00:06 EDT
"bagsolar_ephemeris_tests" time elapsed: 00:00:00
----------------------------------------------------------

6/8 Testing: bagsolar_spacecraft_tests
6/8 Test: bagsolar_spacecraft_tests
Command: "/home/kali/Desktop/Cpp_Advance/build/bagsolar_spacecraft_tests"
Directory: /home/kali/Desktop/Cpp_Advance/build
"bagsolar_spacecraft_tests" start time: Sep 13 00:06 EDT
Output:
----------------------------------------------------------
<end of output>
Test time =   0.01 sec
----------------------------------------------------------
Test Passed.
"bagsolar_spacecraft_tests" end time: Sep 13 00:06 EDT
"bagsolar_spacecraft_tests" time elapsed: 00:00:00
----------------------------------------------------------

7/8 Testing: bagsolar_education_tests
7/8 Test: bagsolar_education_tests
Command: "/home/kali/Desktop/Cpp_Advance/build/bagsolar_education_tests"
Directory: /home/kali/Desktop/Cpp_Advance/build
"bagsolar_education_tests" start time: Sep 13 00:06 EDT
Output:
----------------------------------------------------------
<end of output>
Test time =   0.01 sec
----------------------------------------------------------
Test Passed.
"bagsolar_education_tests" end time: Sep 13 00:06 EDT
"bagsolar_education_tests" time elapsed: 00:00:00
----------------------------------------------------------

8/8 Testing: bagsolar_advanced_data_tests
8/8 Test: bagsolar_advanced_data_tests
Command: "/home/kali/Desktop/Cpp_Advance/build/bagsolar_advanced_data_tests"
Directory: /home/kali/Desktop/Cpp_Advance/build
"bagsolar_advanced_data_tests" start time: Sep 13 00:06 EDT
Output:
----------------------------------------------------------
<end of output>
Test time =   0.02 sec
----------------------------------------------------------
Test Passed.
"bagsolar_advanced_data_tests" end time: Sep 13 00:06 EDT
"bagsolar_advanced_data_tests" time elapsed: 00:00:00
----------------------------------------------------------

End testing: Sep 13 00:06 EDT

astronomy =   0.07 sec*proc

education =   0.01 sec*proc

ephemeris =   0.05 sec*proc

integration =   0.03 sec*proc

mission =   0.01 sec*proc

regression =   0.22 sec*proc

spacecraft =   0.01 sec*proc

spice =   0.02 sec*proc

telemetry =   0.08 sec*proc

unit =   0.02 sec*proc

validation =   3.66 sec*proc

